--------------------------------------------
12/17/19 20:29:14: Source Insight Starting - Version 3.50.0066  Built on Wed 11/02/2011
12/17/19 20:29:14: process ID 9336
12/17/19 20:29:17: Project Sync: checking for file changes...
12/17/19 20:30:07: Source Insight Shutting Down - Version 3.50.0066  Built on Wed 11/02/2011
12/17/19 20:30:07: process ID 9336
--------------------------------------------
12/18/19 19:43:26: Source Insight Starting - Version 3.50.0066  Built on Wed 11/02/2011
12/18/19 19:43:26: process ID 5328
12/18/19 19:43:30: Project Sync: checking for file changes...
12/18/19 19:44:03: Project Sync: checking for file changes...
12/18/19 19:45:06: Project Sync: checking for file changes...
12/18/19 19:45:06: Project Sync: reparsing files...
12/18/19 19:45:06: Project: 10291 symbols, 51812 index entries, 93 files
12/18/19 19:45:06: Project: 10292 symbols, 51815 index entries, 93 files
12/18/19 19:45:06: Project: 10295 symbols, 51821 index entries, 93 files
12/18/19 19:45:06: Project: 10514 symbols, 52545 index entries, 93 files
12/18/19 19:45:06: Project: 10525 symbols, 52580 index entries, 93 files
12/18/19 19:45:06: Project: 10586 symbols, 52801 index entries, 93 files
12/18/19 19:45:06: Project: 10596 symbols, 52845 index entries, 93 files
12/18/19 19:45:06: Project: 10607 symbols, 52892 index entries, 93 files
12/18/19 19:45:06: Project: 10618 symbols, 52933 index entries, 93 files
12/18/19 19:45:06: Project: 10628 symbols, 52965 index entries, 93 files
12/18/19 19:45:06: Project: 10658 symbols, 53102 index entries, 93 files
12/18/19 19:45:06: Project: 11001 symbols, 54571 index entries, 93 files
12/18/19 19:45:06: Project: 11003 symbols, 54575 index entries, 93 files
12/18/19 19:45:06: Project: 11005 symbols, 54579 index entries, 93 files
12/18/19 19:45:06: Project: 11007 symbols, 54583 index entries, 93 files
12/18/19 19:45:07: Project: 11009 symbols, 54587 index entries, 93 files
12/18/19 19:45:07: Project: 11016 symbols, 54610 index entries, 93 files
12/18/19 19:45:07: Project: 11032 symbols, 54663 index entries, 93 files
12/18/19 19:45:07: Project: 11034 symbols, 54673 index entries, 93 files
12/18/19 19:45:07: Project: 11036 symbols, 54680 index entries, 93 files
12/18/19 19:45:07: Project: 11037 symbols, 54688 index entries, 93 files
12/18/19 19:45:07: Project: 11039 symbols, 54696 index entries, 93 files
12/18/19 19:45:07: Project: 11041 symbols, 54702 index entries, 93 files
12/18/19 19:48:33: Project Sync: checking for file changes...
12/18/19 19:48:33: Project Sync: reparsing files...
12/18/19 19:48:33: Project: 11041 symbols, 54702 index entries, 93 files
12/18/19 19:57:13: Project Sync: reparsing files...
12/18/19 19:57:13: Project: 11041 symbols, 54702 index entries, 93 files
12/18/19 19:57:13: Project: 11041 symbols, 54702 index entries, 93 files
12/18/19 19:58:32: Project Sync: reparsing files...
12/18/19 19:58:32: Project: 11041 symbols, 54702 index entries, 93 files
12/18/19 19:58:32: Project: 11042 symbols, 54705 index entries, 93 files
12/18/19 20:04:36: Project Sync: reparsing files...
12/18/19 20:04:36: Project: 11042 symbols, 54705 index entries, 93 files
12/18/19 20:23:31: Project Sync: reparsing files...
12/18/19 20:23:31: Project: 11042 symbols, 54705 index entries, 93 files
12/18/19 20:23:31: Project: 11042 symbols, 54705 index entries, 93 files
12/18/19 20:26:45: Project Sync: reparsing files...
12/18/19 20:26:45: Project: 11042 symbols, 54705 index entries, 93 files
12/18/19 20:26:45: Project: 11042 symbols, 54705 index entries, 93 files
12/18/19 20:34:58: Project Sync: reparsing files...
12/18/19 20:34:58: Project: 11042 symbols, 54705 index entries, 93 files
12/18/19 20:34:58: Project: 11042 symbols, 54705 index entries, 93 files
12/18/19 20:36:03: Project Sync: reparsing files...
12/18/19 20:36:03: Project: 11042 symbols, 54705 index entries, 93 files
12/18/19 20:36:03: Project: 11045 symbols, 54715 index entries, 93 files
12/18/19 20:39:48: Project Sync: reparsing files...
12/18/19 20:39:48: Project: 11045 symbols, 54715 index entries, 93 files
12/18/19 20:42:10: Project Sync: reparsing files...
12/18/19 20:42:10: Project: 11045 symbols, 54715 index entries, 93 files
12/18/19 20:42:10: Project: 11045 symbols, 54715 index entries, 93 files
12/18/19 20:43:16: Project Sync: reparsing files...
12/18/19 20:43:16: Project: 11045 symbols, 54715 index entries, 93 files
12/18/19 20:43:16: Project: 11045 symbols, 54715 index entries, 93 files
12/18/19 20:45:43: Project Sync: reparsing files...
12/18/19 20:45:43: Project: 11045 symbols, 54715 index entries, 93 files
12/18/19 20:45:43: Project: 11044 symbols, 54711 index entries, 93 files
12/18/19 20:45:48: Project Sync: reparsing files...
12/18/19 20:45:48: Project: 11044 symbols, 54711 index entries, 93 files
12/18/19 20:48:42: Project Sync: checking for file changes...
12/18/19 20:48:42: Project Sync: reparsing files...
12/18/19 20:48:42: Project: 11044 symbols, 54711 index entries, 93 files
12/18/19 20:52:17: Project Sync: reparsing files...
12/18/19 20:52:17: Project: 11044 symbols, 54711 index entries, 93 files
12/18/19 20:52:17: Project: 11044 symbols, 54711 index entries, 93 files
12/18/19 20:53:20: Project Sync: reparsing files...
12/18/19 20:53:20: Project: 11044 symbols, 54711 index entries, 93 files
12/18/19 20:59:35: Project Sync: reparsing files...
12/18/19 20:59:35: Project: 11044 symbols, 54711 index entries, 93 files
12/18/19 20:59:35: Project: 11044 symbols, 54711 index entries, 93 files
12/18/19 21:00:19: Project Sync: reparsing files...
12/18/19 21:00:19: Project: 11044 symbols, 54711 index entries, 93 files
12/18/19 21:00:19: Project: 11044 symbols, 54711 index entries, 93 files
12/18/19 21:04:56: Project Sync: reparsing files...
12/18/19 21:04:56: Project: 11044 symbols, 54711 index entries, 93 files
12/18/19 21:04:56: Project: 11044 symbols, 54711 index entries, 93 files
12/18/19 21:06:48: Project Sync: reparsing files...
12/18/19 21:06:48: Project: 11044 symbols, 54711 index entries, 93 files
12/18/19 21:13:50: Project Sync: reparsing files...
12/18/19 21:13:50: Project: 11044 symbols, 54711 index entries, 93 files
12/18/19 21:32:16: Project Sync: reparsing files...
12/18/19 21:32:16: Project: 11044 symbols, 54711 index entries, 93 files
12/18/19 21:32:16: Project: 11044 symbols, 54711 index entries, 93 files
12/18/19 21:39:04: Project Sync: reparsing files...
12/18/19 21:39:04: Project: 11044 symbols, 54711 index entries, 93 files
12/18/19 21:48:45: Project Sync: checking for file changes...
12/18/19 21:48:45: Project Sync: reparsing files...
12/18/19 21:48:45: Project: 11044 symbols, 54711 index entries, 93 files
12/18/19 21:55:16: Project Sync: reparsing files...
12/18/19 21:55:16: Project: 11044 symbols, 54711 index entries, 93 files
12/18/19 21:56:47: Project Sync: reparsing files...
12/18/19 21:56:47: Project: 11044 symbols, 54711 index entries, 93 files
12/18/19 21:56:47: Project: 11044 symbols, 54711 index entries, 93 files
12/18/19 21:57:12: Project Sync: reparsing files...
12/18/19 21:57:12: Project: 11044 symbols, 54711 index entries, 93 files
12/18/19 21:57:12: Project: 11044 symbols, 54711 index entries, 93 files
12/18/19 22:09:36: Project Sync: reparsing files...
12/18/19 22:09:36: Project: 11044 symbols, 54711 index entries, 93 files
12/18/19 22:09:36: Project: 11044 symbols, 54711 index entries, 93 files
12/18/19 22:11:19: Project Sync: reparsing files...
12/18/19 22:11:19: Project: 11044 symbols, 54711 index entries, 93 files
12/18/19 22:13:11: Project Sync: reparsing files...
12/18/19 22:13:11: Project: 11044 symbols, 54711 index entries, 93 files
12/18/19 22:13:11: Project: 11043 symbols, 54708 index entries, 93 files
12/18/19 22:13:28: Project Sync: reparsing files...
12/18/19 22:13:28: Project: 11043 symbols, 54708 index entries, 93 files
12/18/19 22:13:28: Project: 11042 symbols, 54705 index entries, 93 files
12/18/19 22:14:06: Project Sync: reparsing files...
12/18/19 22:14:06: Project: 11042 symbols, 54705 index entries, 93 files
12/18/19 22:14:06: Project: 11042 symbols, 54705 index entries, 93 files
12/18/19 22:14:37: Project Sync: reparsing files...
12/18/19 22:14:37: Project: 11042 symbols, 54705 index entries, 93 files
12/18/19 22:14:37: Project: 11043 symbols, 54709 index entries, 93 files
12/18/19 22:14:47: Project Sync: reparsing files...
12/18/19 22:14:47: Project: 11043 symbols, 54709 index entries, 93 files
12/18/19 22:14:47: Project: 11042 symbols, 54706 index entries, 93 files
12/18/19 22:17:55: Project Sync: reparsing files...
12/18/19 22:17:55: Project: 11042 symbols, 54706 index entries, 93 files
12/18/19 22:17:55: Project: 11041 symbols, 54703 index entries, 93 files
12/18/19 22:21:59: Project Sync: reparsing files...
12/18/19 22:21:59: Project: 11041 symbols, 54703 index entries, 93 files
12/18/19 22:21:59: Project: 11042 symbols, 54706 index entries, 93 files
12/18/19 22:21:59: Project: 11043 symbols, 54709 index entries, 93 files
12/18/19 22:23:13: Project Sync: reparsing files...
12/18/19 22:23:13: Project: 11043 symbols, 54709 index entries, 93 files
12/18/19 22:23:38: Project Sync: reparsing files...
12/18/19 22:23:38: Project: 11043 symbols, 54709 index entries, 93 files
12/18/19 22:23:38: Project: 11043 symbols, 54709 index entries, 93 files
12/18/19 22:24:30: Project Sync: reparsing files...
12/18/19 22:24:30: Project: 11043 symbols, 54709 index entries, 93 files
12/18/19 22:24:30: Project: 11043 symbols, 54709 index entries, 93 files
12/18/19 22:25:02: Project Sync: reparsing files...
12/18/19 22:25:02: Project: 11043 symbols, 54709 index entries, 93 files
12/18/19 22:25:50: Project Sync: reparsing files...
12/18/19 22:25:50: Project: 11043 symbols, 54709 index entries, 93 files
12/18/19 22:25:50: Project: 11043 symbols, 54709 index entries, 93 files
12/18/19 22:42:59: Project Sync: reparsing files...
12/18/19 22:42:59: Project: 11043 symbols, 54709 index entries, 93 files
12/18/19 22:42:59: Project: 11042 symbols, 54705 index entries, 93 files
12/18/19 22:43:46: Source Insight Shutting Down - Version 3.50.0066  Built on Wed 11/02/2011
12/18/19 22:43:46: process ID 5328
